<?xml version="1.0" encoding="UTF-8" ?>
<testsuite failures="0" time="0.862" errors="1" skipped="0" tests="1" name="m1info.mif18.orm.ConfigurationTest">
  <properties>
    <property name="java.vendor" value="Sun Microsystems Inc."/>
    <property name="localRepository" value="D:\Bibliothèques\Documents\Fac\cours\M1\MIF18-SQL\TPORM\repo"/>
    <property name="env.VS90COMNTOOLS" value="D:\Programmation\Microsoft Visual Studio 9.0\Common7\Tools\"/>
    <property name="sun.java.launcher" value="SUN_STANDARD"/>
    <property name="sun.management.compiler" value="HotSpot Client Compiler"/>
    <property name="env.PROMPT" value="$P$G"/>
    <property name="os.name" value="Windows 7"/>
    <property name="env.FP_NO_HOST_CHECK" value="NO"/>
    <property name="sun.boot.class.path" value="D:\Programmation\Java\jdk1.6.0_21\jre\lib\resources.jar;D:\Programmation\Java\jdk1.6.0_21\jre\lib\rt.jar;D:\Programmation\Java\jdk1.6.0_21\jre\lib\sunrsasign.jar;D:\Programmation\Java\jdk1.6.0_21\jre\lib\jsse.jar;D:\Programmation\Java\jdk1.6.0_21\jre\lib\jce.jar;D:\Programmation\Java\jdk1.6.0_21\jre\lib\charsets.jar;D:\Programmation\Java\jdk1.6.0_21\jre\classes"/>
    <property name="env.COMPUTERNAME" value="ERGOPROXY"/>
    <property name="env.ALLUSERSPROFILE" value="C:\ProgramData"/>
    <property name="sun.desktop" value="windows"/>
    <property name="java.vm.specification.vendor" value="Sun Microsystems Inc."/>
    <property name="java.runtime.version" value="1.6.0_21-b07"/>
    <property name="env.HOMEPATH" value="\Users\dim"/>
    <property name="user.name" value="dim"/>
    <property name="nb.show.statistics.ui" value="usageStatisticsEnabled"/>
    <property name="user.language" value="fr"/>
    <property name="sun.boot.library.path" value="D:\Programmation\Java\jdk1.6.0_21\jre\bin"/>
    <property name="java.version" value="1.6.0_21"/>
    <property name="env.PROCESSOR_IDENTIFIER" value="x86 Family 15 Model 107 Stepping 2, AuthenticAMD"/>
    <property name="user.timezone" value="Europe/Paris"/>
    <property name="env.TEMP" value="C:\Users\dim\AppData\Local\Temp"/>
    <property name="sun.arch.data.model" value="32"/>
    <property name="http.nonProxyHosts" value="localhost|127.0.0.1|ErgoProxy"/>
    <property name="java.endorsed.dirs" value="D:\Programmation\Java\jdk1.6.0_21\jre\lib\endorsed"/>
    <property name="sun.cpu.isalist" value=""/>
    <property name="env.HOMEDRIVE" value="C:"/>
    <property name="sun.jnu.encoding" value="Cp1252"/>
    <property name="file.encoding.pkg" value="sun.io"/>
    <property name="file.separator" value="\"/>
    <property name="java.specification.name" value="Java Platform API Specification"/>
    <property name="java.class.version" value="50.0"/>
    <property name="user.country" value="FR"/>
    <property name="jna.boot.library.path" value="C:\Users\dim\.netbeans\6.9\var\cache\jna"/>
    <property name="java.home" value="D:\Programmation\Java\jdk1.6.0_21\jre"/>
    <property name="env.PSModulePath" value="C:\Windows\system32\WindowsPowerShell\v1.0\Modules\"/>
    <property name="env.APPDATA" value="C:\Users\dim\AppData\Roaming"/>
    <property name="env.PUBLIC" value="C:\Users\Public"/>
    <property name="java.vm.info" value="mixed mode, sharing"/>
    <property name="env.ComSpec" value="C:\Windows\system32\cmd.exe"/>
    <property name="env.OS" value="Windows_NT"/>
    <property name="env.CommonProgramFiles" value="C:\Program Files\Common Files"/>
    <property name="os.version" value="6.1"/>
    <property name="netbeans.system_http_proxy" value="DIRECT"/>
    <property name="https.nonProxyHosts" value="localhost|127.0.0.1|ErgoProxy"/>
    <property name="sun.awt.keepWorkingSetOnMinimize" value="true"/>
    <property name="path.separator" value=";"/>
    <property name="java.vm.version" value="17.0-b17"/>
    <property name="env.USERPROFILE" value="C:\Users\dim"/>
    <property name="user.variant" value=""/>
    <property name="java.awt.printerjob" value="sun.awt.windows.WPrinterJob"/>
    <property name="org.netbeans.modules.gwt4nb.Util.level" value="100"/>
    <property name="env.TMP" value="C:\Users\dim\AppData\Local\Temp"/>
    <property name="sun.io.unicode.encoding" value="UnicodeLittle"/>
    <property name="awt.toolkit" value="sun.awt.windows.WToolkit"/>
    <property name="useJavaUtilZip" value="true"/>
    <property name="user.home" value="C:\Users\dim"/>
    <property name="env.ProgramData" value="C:\ProgramData"/>
    <property name="env.SESSIONNAME" value="Console"/>
    <property name="java.specification.vendor" value="Sun Microsystems Inc."/>
    <property name="apple.laf.useScreenMenuBar" value="true"/>
    <property name="org.xml.sax.driver" value="com.sun.org.apache.xerces.internal.jaxp.SAXParserImpl$JAXPSAXParser"/>
    <property name="env.NUMBER_OF_PROCESSORS" value="2"/>
    <property name="java.library.path" value="D:\Programmation\Java\NetBeans 6.9.1\bin;.;C:\Windows\Sun\Java\bin;C:\Windows\system32;C:\Windows;C:\Program Files\PC Connectivity Solution\;C:\Windows\system32;C:\Windows;C:\Windows\System32\Wbem;C:\Windows\System32\WindowsPowerShell\v1.0\;C:\Program Files\ATI Technologies\ATI.ACE\Core-Static;D:\Programmation\TortoiseSVN\bin;D:\Programmation\doxygen\bin;D:\Programmation\Graphviz2.26.3\bin;C:\Program Files\Microsoft SQL Server\90\Tools\binn\"/>
    <property name="java.vendor.url" value="http://java.sun.com/"/>
    <property name="java.vm.vendor" value="Sun Microsystems Inc."/>
    <property name="java.runtime.name" value="Java(TM) SE Runtime Environment"/>
    <property name="java.class.path" value="D:\Programmation\Java\NetBeans 6.9.1\platform\lib\boot.jar;D:\Programmation\Java\NetBeans 6.9.1\platform\lib\org-openide-modules.jar;D:\Programmation\Java\NetBeans 6.9.1\platform\lib\org-openide-util-lookup.jar;D:\Programmation\Java\NetBeans 6.9.1\platform\lib\org-openide-util.jar;D:\Programmation\Java\NetBeans 6.9.1\platform\lib\locale\boot_ja.jar;D:\Programmation\Java\NetBeans 6.9.1\platform\lib\locale\boot_pt_BR.jar;D:\Programmation\Java\NetBeans 6.9.1\platform\lib\locale\boot_zh_CN.jar;D:\Programmation\Java\NetBeans 6.9.1\platform\lib\locale\org-openide-modules_ja.jar;D:\Programmation\Java\NetBeans 6.9.1\platform\lib\locale\org-openide-modules_pt_BR.jar;D:\Programmation\Java\NetBeans 6.9.1\platform\lib\locale\org-openide-modules_zh_CN.jar;D:\Programmation\Java\NetBeans 6.9.1\platform\lib\locale\org-openide-util-lookup_ja.jar;D:\Programmation\Java\NetBeans 6.9.1\platform\lib\locale\org-openide-util-lookup_pt_BR.jar;D:\Programmation\Java\NetBeans 6.9.1\platform\lib\locale\org-openide-util-lookup_zh_CN.jar;D:\Programmation\Java\NetBeans 6.9.1\platform\lib\locale\org-openide-util_ja.jar;D:\Programmation\Java\NetBeans 6.9.1\platform\lib\locale\org-openide-util_pt_BR.jar;D:\Programmation\Java\NetBeans 6.9.1\platform\lib\locale\org-openide-util_zh_CN.jar;D:\Programmation\Java\jdk1.6.0_21\lib\dt.jar;D:\Programmation\Java\jdk1.6.0_21\lib\tools.jar"/>
    <property name="sun.java2d.noddraw" value="true"/>
    <property name="java.vm.specification.name" value="Java Virtual Machine Specification"/>
    <property name="jdk.home" value="D:\Programmation\Java\jdk1.6.0_21"/>
    <property name="env.windir" value="C:\Windows"/>
    <property name="env.LOGONSERVER" value="\\ERGOPROXY"/>
    <property name="org.openide.specification.version" value="6.2"/>
    <property name="java.vm.specification.version" value="1.0"/>
    <property name="env.PROCESSOR_ARCHITECTURE" value="x86"/>
    <property name="sun.os.patch.level" value=""/>
    <property name="sun.cpu.endian" value="little"/>
    <property name="env.ProgramFiles" value="C:\Program Files"/>
    <property name="env.com.adobe.versioncue.client.appversion" value="1.0.0"/>
    <property name="surefire.test.class.path" value="D:\Bibliothèques\Documents\Fac\cours\M1\MIF18-SQL\TPORM\tpOrm\target\test-classes;D:\Bibliothèques\Documents\Fac\cours\M1\MIF18-SQL\TPORM\tpOrm\target\classes;D:\Bibliothèques\Documents\Fac\cours\M1\MIF18-SQL\TPORM\repo\junit\junit\3.8.1\junit-3.8.1.jar;D:\Bibliothèques\Documents\Fac\cours\M1\MIF18-SQL\TPORM\repo\javax\persistence\persistence-api\1.0\persistence-api-1.0.jar;D:\Bibliothèques\Documents\Fac\cours\M1\MIF18-SQL\TPORM\repo\org\hibernate\hibernate-entitymanager\3.4.0.GA\hibernate-entitymanager-3.4.0.GA.jar;D:\Bibliothèques\Documents\Fac\cours\M1\MIF18-SQL\TPORM\repo\org\hibernate\ejb3-persistence\1.0.2.GA\ejb3-persistence-1.0.2.GA.jar;D:\Bibliothèques\Documents\Fac\cours\M1\MIF18-SQL\TPORM\repo\org\hibernate\hibernate-commons-annotations\3.1.0.GA\hibernate-commons-annotations-3.1.0.GA.jar;D:\Bibliothèques\Documents\Fac\cours\M1\MIF18-SQL\TPORM\repo\org\slf4j\slf4j-api\1.6.1\slf4j-api-1.6.1.jar;D:\Bibliothèques\Documents\Fac\cours\M1\MIF18-SQL\TPORM\repo\org\hibernate\hibernate-annotations\3.4.0.GA\hibernate-annotations-3.4.0.GA.jar;D:\Bibliothèques\Documents\Fac\cours\M1\MIF18-SQL\TPORM\repo\org\hibernate\hibernate-core\3.3.0.SP1\hibernate-core-3.3.0.SP1.jar;D:\Bibliothèques\Documents\Fac\cours\M1\MIF18-SQL\TPORM\repo\antlr\antlr\2.7.6\antlr-2.7.6.jar;D:\Bibliothèques\Documents\Fac\cours\M1\MIF18-SQL\TPORM\repo\commons-collections\commons-collections\3.1\commons-collections-3.1.jar;D:\Bibliothèques\Documents\Fac\cours\M1\MIF18-SQL\TPORM\repo\dom4j\dom4j\1.6.1\dom4j-1.6.1.jar;D:\Bibliothèques\Documents\Fac\cours\M1\MIF18-SQL\TPORM\repo\xml-apis\xml-apis\1.0.b2\xml-apis-1.0.b2.jar;D:\Bibliothèques\Documents\Fac\cours\M1\MIF18-SQL\TPORM\repo\javax\transaction\jta\1.1\jta-1.1.jar;D:\Bibliothèques\Documents\Fac\cours\M1\MIF18-SQL\TPORM\repo\javassist\javassist\3.4.GA\javassist-3.4.GA.jar;D:\Bibliothèques\Documents\Fac\cours\M1\MIF18-SQL\TPORM\repo\org\slf4j\slf4j-simple\1.6.1\slf4j-simple-1.6.1.jar;"/>
    <property name="java.io.tmpdir" value="C:\Users\dim\AppData\Local\Temp\"/>
    <property name="env.PROCESSOR_REVISION" value="6b02"/>
    <property name="java.vendor.url.bug" value="http://java.sun.com/cgi-bin/bugreport.cgi"/>
    <property name="env.SystemRoot" value="C:\Windows"/>
    <property name="java.awt.graphicsenv" value="sun.awt.Win32GraphicsEnvironment"/>
    <property name="os.arch" value="x86"/>
    <property name="java.ext.dirs" value="D:\Programmation\Java\jdk1.6.0_21\jre\lib\ext;C:\Windows\Sun\Java\lib\ext"/>
    <property name="user.dir" value="D:\Bibliothèques\Documents\Fac\cours\M1\MIF18-SQL\TPORM\tpOrm"/>
    <property name="env.LOCALAPPDATA" value="C:\Users\dim\AppData\Local"/>
    <property name="env.com.adobe.versioncue.client.applocale" value="fr_FR"/>
    <property name="line.separator" value="
"/>
    <property name="apple.awt.graphics.UseQuartz" value="true"/>
    <property name="java.vm.name" value="Java HotSpot(TM) Client VM"/>
    <property name="env.PATHEXT" value=".COM;.EXE;.BAT;.CMD;.VBS;.VBE;.JS;.JSE;.WSF;.WSH;.MSC"/>
    <property name="env.Path" value="C:\Program Files\PC Connectivity Solution\;C:\Windows\system32;C:\Windows;C:\Windows\System32\Wbem;C:\Windows\System32\WindowsPowerShell\v1.0\;C:\Program Files\ATI Technologies\ATI.ACE\Core-Static;D:\Programmation\TortoiseSVN\bin;D:\Programmation\doxygen\bin;D:\Programmation\Graphviz2.26.3\bin;C:\Program Files\Microsoft SQL Server\90\Tools\binn\"/>
    <property name="basedir" value="D:\Bibliothèques\Documents\Fac\cours\M1\MIF18-SQL\TPORM\tpOrm"/>
    <property name="maven.mode.standalone" value="true"/>
    <property name="env.USERNAME" value="dim"/>
    <property name="env.SystemDrive" value="C:"/>
    <property name="file.encoding" value="Cp1252"/>
    <property name="env.com.adobe.versioncue.client.appname" value="AdobeDrive"/>
    <property name="netbeans.execution" value="true"/>
    <property name="env.USERDOMAIN" value="ErgoProxy"/>
    <property name="java.specification.version" value="1.6"/>
    <property name="env.PROCESSOR_LEVEL" value="15"/>
  </properties>
  <testcase time="0.856" classname="m1info.mif18.orm.ConfigurationTest" name="testEntityManager">
    <error message="[PersistenceUnit: pu] Unable to build EntityManagerFactory" type="javax.persistence.PersistenceException">javax.persistence.PersistenceException: [PersistenceUnit: pu] Unable to build EntityManagerFactory
	at org.hibernate.ejb.Ejb3Configuration.buildEntityManagerFactory(Ejb3Configuration.java:677)
	at org.hibernate.ejb.HibernatePersistence.createEntityManagerFactory(HibernatePersistence.java:126)
	at javax.persistence.Persistence.createEntityManagerFactory(Persistence.java:83)
	at javax.persistence.Persistence.createEntityManagerFactory(Persistence.java:60)
	at m1info.mif18.orm.ConfigurationTest.testEntityManager(ConfigurationTest.java:13)
Caused by: org.hibernate.HibernateException: JDBC Driver class not found: oracle.jdbc.driver.OracleDriver
	at org.hibernate.connection.DriverManagerConnectionProvider.configure(DriverManagerConnectionProvider.java:89)
	at org.hibernate.connection.ConnectionProviderFactory.newConnectionProvider(ConnectionProviderFactory.java:137)
	at org.hibernate.ejb.InjectionSettingsFactory.createConnectionProvider(InjectionSettingsFactory.java:29)
	at org.hibernate.cfg.SettingsFactory.buildSettings(SettingsFactory.java:89)
	at org.hibernate.cfg.Configuration.buildSettings(Configuration.java:2101)
	at org.hibernate.cfg.Configuration.buildSessionFactory(Configuration.java:1325)
	at org.hibernate.cfg.AnnotationConfiguration.buildSessionFactory(AnnotationConfiguration.java:867)
	at org.hibernate.ejb.Ejb3Configuration.buildEntityManagerFactory(Ejb3Configuration.java:669)
	... 30 more
Caused by: java.lang.ClassNotFoundException: oracle.jdbc.driver.OracleDriver
	at java.net.URLClassLoader$1.run(URLClassLoader.java:202)
	at java.security.AccessController.doPrivileged(Native Method)
	at java.net.URLClassLoader.findClass(URLClassLoader.java:190)
	at java.lang.ClassLoader.loadClass(ClassLoader.java:307)
	at sun.misc.Launcher$AppClassLoader.loadClass(Launcher.java:301)
	at java.lang.ClassLoader.loadClass(ClassLoader.java:248)
	at java.lang.Class.forName0(Native Method)
	at java.lang.Class.forName(Class.java:169)
	at org.hibernate.util.ReflectHelper.classForName(ReflectHelper.java:123)
	at org.hibernate.connection.DriverManagerConnectionProvider.configure(DriverManagerConnectionProvider.java:84)
	... 37 more
</error>
    <system-err>5 [main] INFO org.hibernate.cfg.annotations.Version - Hibernate Annotations 3.4.0.GA
26 [main] INFO org.hibernate.cfg.Environment - Hibernate 3.3.0.SP1
30 [main] INFO org.hibernate.cfg.Environment - hibernate.properties not found
36 [main] INFO org.hibernate.cfg.Environment - Bytecode provider name : javassist
64 [main] INFO org.hibernate.cfg.Environment - using JDK 1.4 java.sql.Timestamp handling
156 [main] INFO org.hibernate.annotations.common.Version - Hibernate Commons Annotations 3.1.0.GA
160 [main] INFO org.hibernate.ejb.Version - Hibernate EntityManager 3.4.0.GA
603 [main] INFO org.hibernate.cfg.AnnotationConfiguration - Hibernate Validator not found: ignoring
669 [main] INFO org.hibernate.cfg.search.HibernateSearchEventListenerRegister - Unable to find org.hibernate.search.event.FullTextIndexEventListener on the classpath. Hibernate Search is not enabled.
680 [main] INFO org.hibernate.connection.DriverManagerConnectionProvider - Using Hibernate built-in connection pool (not for production use!)
680 [main] INFO org.hibernate.connection.DriverManagerConnectionProvider - Hibernate connection pool size: 20
680 [main] INFO org.hibernate.connection.DriverManagerConnectionProvider - autocommit mode: true
681 [main] ERROR org.hibernate.connection.DriverManagerConnectionProvider - JDBC Driver class not found: oracle.jdbc.driver.OracleDriver
java.lang.ClassNotFoundException: oracle.jdbc.driver.OracleDriver
	at java.net.URLClassLoader$1.run(URLClassLoader.java:202)
	at java.security.AccessController.doPrivileged(Native Method)
	at java.net.URLClassLoader.findClass(URLClassLoader.java:190)
	at java.lang.ClassLoader.loadClass(ClassLoader.java:307)
	at sun.misc.Launcher$AppClassLoader.loadClass(Launcher.java:301)
	at java.lang.ClassLoader.loadClass(ClassLoader.java:248)
	at java.lang.Class.forName0(Native Method)
	at java.lang.Class.forName(Class.java:169)
	at org.hibernate.util.ReflectHelper.classForName(ReflectHelper.java:123)
	at org.hibernate.connection.DriverManagerConnectionProvider.configure(DriverManagerConnectionProvider.java:84)
	at org.hibernate.connection.ConnectionProviderFactory.newConnectionProvider(ConnectionProviderFactory.java:137)
	at org.hibernate.ejb.InjectionSettingsFactory.createConnectionProvider(InjectionSettingsFactory.java:29)
	at org.hibernate.cfg.SettingsFactory.buildSettings(SettingsFactory.java:89)
	at org.hibernate.cfg.Configuration.buildSettings(Configuration.java:2101)
	at org.hibernate.cfg.Configuration.buildSessionFactory(Configuration.java:1325)
	at org.hibernate.cfg.AnnotationConfiguration.buildSessionFactory(AnnotationConfiguration.java:867)
	at org.hibernate.ejb.Ejb3Configuration.buildEntityManagerFactory(Ejb3Configuration.java:669)
	at org.hibernate.ejb.HibernatePersistence.createEntityManagerFactory(HibernatePersistence.java:126)
	at javax.persistence.Persistence.createEntityManagerFactory(Persistence.java:83)
	at javax.persistence.Persistence.createEntityManagerFactory(Persistence.java:60)
	at m1info.mif18.orm.ConfigurationTest.testEntityManager(ConfigurationTest.java:13)
	at sun.reflect.NativeMethodAccessorImpl.invoke0(Native Method)
	at sun.reflect.NativeMethodAccessorImpl.invoke(NativeMethodAccessorImpl.java:39)
	at sun.reflect.DelegatingMethodAccessorImpl.invoke(DelegatingMethodAccessorImpl.java:25)
	at java.lang.reflect.Method.invoke(Method.java:597)
	at junit.framework.TestCase.runTest(TestCase.java:154)
	at junit.framework.TestCase.runBare(TestCase.java:127)
	at junit.framework.TestResult$1.protect(TestResult.java:106)
	at junit.framework.TestResult.runProtected(TestResult.java:124)
	at junit.framework.TestResult.run(TestResult.java:109)
	at junit.framework.TestCase.run(TestCase.java:118)
	at junit.framework.TestSuite.runTest(TestSuite.java:208)
	at junit.framework.TestSuite.run(TestSuite.java:203)
	at sun.reflect.NativeMethodAccessorImpl.invoke0(Native Method)
	at sun.reflect.NativeMethodAccessorImpl.invoke(NativeMethodAccessorImpl.java:39)
	at sun.reflect.DelegatingMethodAccessorImpl.invoke(DelegatingMethodAccessorImpl.java:25)
	at java.lang.reflect.Method.invoke(Method.java:597)
	at org.apache.maven.surefire.junit.JUnitTestSet.execute(JUnitTestSet.java:213)
	at org.apache.maven.surefire.suite.AbstractDirectoryTestSuite.executeTestSet(AbstractDirectoryTestSuite.java:140)
	at org.apache.maven.surefire.suite.AbstractDirectoryTestSuite.execute(AbstractDirectoryTestSuite.java:127)
	at org.apache.maven.surefire.Surefire.run(Surefire.java:177)
	at sun.reflect.NativeMethodAccessorImpl.invoke0(Native Method)
	at sun.reflect.NativeMethodAccessorImpl.invoke(NativeMethodAccessorImpl.java:39)
	at sun.reflect.DelegatingMethodAccessorImpl.invoke(DelegatingMethodAccessorImpl.java:25)
	at java.lang.reflect.Method.invoke(Method.java:597)
	at org.apache.maven.surefire.booter.SurefireBooter.runSuitesInProcess(SurefireBooter.java:338)
	at org.apache.maven.surefire.booter.SurefireBooter.main(SurefireBooter.java:997)
</system-err>
  </testcase>
</testsuite>